<?xml version="1.0" encoding="UTF-8"?>
<!-- Generated by org.testng.reporters.JUnitReportReporter -->
<testsuite hostname="aamirs-mbp.home" failures="0" tests="1" name="STOREDPROCEDURETESTING.SPTesting" time="0.145" errors="0" timestamp="2022-10-28T19:57:23 PKT" skipped="0">
  <testcase classname="STOREDPROCEDURETESTING.SPTesting" name="shippingtime10101" time="0.145"/>
  <system-out/>
</testsuite> <!-- STOREDPROCEDURETESTING.SPTesting -->
